<?xml version="1.0" encoding="UTF-8"?>
<!-- Generated by org.testng.reporters.JUnitReportReporter -->
<testsuite hostname="DESKTOP-LPCCCN9" failures="0" tests="1" name="Sample1.DemoTest" time="0.009" errors="0" timestamp="2023-08-23T09:19:53 IST" skipped="0">
  <testcase classname="Sample1.DemoTest" name="Test1" time="0.009"/>
  <system-out/>
</testsuite> <!-- Sample1.DemoTest -->
