<?xml version="1.0" encoding="UTF-8"?>
<!-- Generated by org.testng.reporters.JUnitReportReporter -->
<testsuite hostname="DESKTOP-LPCCCN9" failures="0" tests="1" name="Sample1.DemoTest2" time="0.009" errors="0" timestamp="2023-08-23T09:19:39 IST" skipped="0">
  <testcase classname="Sample1.DemoTest2" name="Test2" time="0.009"/>
  <system-out/>
</testsuite> <!-- Sample1.DemoTest2 -->
